Payment ID: pay_saJXSK5chooMiN91kXYVjcyx
Event Data: {"data":{"id":"evt_dJHtVsxB8tNQspRYgYRmmbik","type":"event","attributes":{"type":"payment.paid","livemode":false,"data":{"id":"pay_XaJqd1TsM48unuvS1pzyZKXs","type":"payment","attributes":{"access_url":null,"amount":6700900,"balance_transaction_id":"bal_txn_o4vsKwycZ36p6NRjWdE2Sg76","billing":{"address":{"city":"","country":"","line1":"","line2":"","postal_code":"","state":""},"email":"profakerblah@gmail.com","name":"Karltzy Abad","phone":"09948391401"},"currency":"PHP","description":null,"disputed":false,"external_reference_number":null,"fee":167523,"instant_settlement":null,"livemode":false,"net_amount":6533377,"origin":"api","payment_intent_id":"pi_9z9u1B8L2iNs5EeFns17m57p","payout":null,"source":{"id":"src_wopVoTiR4G14qzNWwkrfLSgM","type":"gcash","provider":{"id":null},"provider_id":null},"statement_descriptor":"ProjectJmab","status":"paid","tax_amount":null,"metadata":{"reference_number":"order_67cb044c16540"},"promotion":null,"refunds":[],"taxes":[],"available_at":1741770000,"created_at":1741358188,"credited_at":1742374800,"paid_at":1741358187,"updated_at":1741358188}},"previous_data":{},"created_at":1741358188,"updated_at":1741358188}}}
Event Type: payment.paid
Reference Number: order_67cb044c16540
Payment ID: pay_XaJqd1TsM48unuvS1pzyZKXs
Updated order order_67cb044c16540 to status: paid with Payment ID: pay_XaJqd1TsM48unuvS1pzyZKXsEvent Data: {"data":{"id":"evt_mDDYBm6QK3jXsxpUNqPvu9vT","type":"event","attributes":{"type":"payment.failed","livemode":false,"data":{"id":"pay_C4fjoKYoYkMCC3HZv8CgG7a6","type":"payment","attributes":{"access_url":null,"amount":6700900,"balance_transaction_id":null,"billing":{"address":{"city":"","country":"","line1":"","line2":"","postal_code":"","state":""},"email":"profakerblah@gmail.com","name":"Karltzy Abad","phone":"09948391401"},"currency":"PHP","description":null,"disputed":false,"external_reference_number":null,"failed_code":"CLOSED","failed_message":"Unknown processing error.","fee":0,"instant_settlement":null,"livemode":false,"net_amount":0,"origin":"api","payment_intent_id":"pi_efX4S8x4gFhsdjzRviAJLpqF","payout":null,"source":{"id":"src_7e4eG4CBNq8kAgYemTF4whrP","type":"gcash","provider":{"id":null},"provider_id":null},"statement_descriptor":"ProjectJmab","status":"failed","tax_amount":null,"metadata":null,"promotion":null,"refunds":[],"taxes":[],"created_at":1741358291,"credited_at":null,"paid_at":1741358291,"updated_at":1741358291}},"previous_data":{},"created_at":1741358291,"updated_at":1741358291}}}
Event Type: payment.failed
Reference Number: 
Payment ID: pay_C4fjoKYoYkMCC3HZv8CgG7a6
Event Data: {"data":{"id":"evt_mDDYBm6QK3jXsxpUNqPvu9vT","type":"event","attributes":{"type":"payment.failed","livemode":false,"data":{"id":"pay_C4fjoKYoYkMCC3HZv8CgG7a6","type":"payment","attributes":{"access_url":null,"amount":6700900,"balance_transaction_id":null,"billing":{"address":{"city":"","country":"","line1":"","line2":"","postal_code":"","state":""},"email":"profakerblah@gmail.com","name":"Karltzy Abad","phone":"09948391401"},"currency":"PHP","description":null,"disputed":false,"external_reference_number":null,"failed_code":"CLOSED","failed_message":"Unknown processing error.","fee":0,"instant_settlement":null,"livemode":false,"net_amount":0,"origin":"api","payment_intent_id":"pi_efX4S8x4gFhsdjzRviAJLpqF","payout":null,"source":{"id":"src_7e4eG4CBNq8kAgYemTF4whrP","type":"gcash","provider":{"id":null},"provider_id":null},"statement_descriptor":"ProjectJmab","status":"failed","tax_amount":null,"metadata":null,"promotion":null,"refunds":[],"taxes":[],"created_at":1741358291,"credited_at":null,"paid_at":1741358291,"updated_at":1741358291}},"previous_data":{},"created_at":1741358291,"updated_at":1741358291}}}
Event Type: payment.failed
Reference Number: 
Payment ID: pay_C4fjoKYoYkMCC3HZv8CgG7a6
Event Data: {"data":{"id":"evt_mDDYBm6QK3jXsxpUNqPvu9vT","type":"event","attributes":{"type":"payment.failed","livemode":false,"data":{"id":"pay_C4fjoKYoYkMCC3HZv8CgG7a6","type":"payment","attributes":{"access_url":null,"amount":6700900,"balance_transaction_id":null,"billing":{"address":{"city":"","country":"","line1":"","line2":"","postal_code":"","state":""},"email":"profakerblah@gmail.com","name":"Karltzy Abad","phone":"09948391401"},"currency":"PHP","description":null,"disputed":false,"external_reference_number":null,"failed_code":"CLOSED","failed_message":"Unknown processing error.","fee":0,"instant_settlement":null,"livemode":false,"net_amount":0,"origin":"api","payment_intent_id":"pi_efX4S8x4gFhsdjzRviAJLpqF","payout":null,"source":{"id":"src_7e4eG4CBNq8kAgYemTF4whrP","type":"gcash","provider":{"id":null},"provider_id":null},"statement_descriptor":"ProjectJmab","status":"failed","tax_amount":null,"metadata":null,"promotion":null,"refunds":[],"taxes":[],"created_at":1741358291,"credited_at":null,"paid_at":1741358291,"updated_at":1741358291}},"previous_data":{},"created_at":1741358291,"updated_at":1741358291}}}
Event Type: payment.failed
Reference Number: 
Payment ID: pay_C4fjoKYoYkMCC3HZv8CgG7a6
Event Data: {"data":{"id":"evt_mDDYBm6QK3jXsxpUNqPvu9vT","type":"event","attributes":{"type":"payment.failed","livemode":false,"data":{"id":"pay_C4fjoKYoYkMCC3HZv8CgG7a6","type":"payment","attributes":{"access_url":null,"amount":6700900,"balance_transaction_id":null,"billing":{"address":{"city":"","country":"","line1":"","line2":"","postal_code":"","state":""},"email":"profakerblah@gmail.com","name":"Karltzy Abad","phone":"09948391401"},"currency":"PHP","description":null,"disputed":false,"external_reference_number":null,"failed_code":"CLOSED","failed_message":"Unknown processing error.","fee":0,"instant_settlement":null,"livemode":false,"net_amount":0,"origin":"api","payment_intent_id":"pi_efX4S8x4gFhsdjzRviAJLpqF","payout":null,"source":{"id":"src_7e4eG4CBNq8kAgYemTF4whrP","type":"gcash","provider":{"id":null},"provider_id":null},"statement_descriptor":"ProjectJmab","status":"failed","tax_amount":null,"metadata":null,"promotion":null,"refunds":[],"taxes":[],"created_at":1741358291,"credited_at":null,"paid_at":1741358291,"updated_at":1741358291}},"previous_data":{},"created_at":1741358291,"updated_at":1741358291}}}
Event Type: payment.failed
Reference Number: 
Payment ID: pay_C4fjoKYoYkMCC3HZv8CgG7a6
Event Data: {"data":{"id":"evt_mDDYBm6QK3jXsxpUNqPvu9vT","type":"event","attributes":{"type":"payment.failed","livemode":false,"data":{"id":"pay_C4fjoKYoYkMCC3HZv8CgG7a6","type":"payment","attributes":{"access_url":null,"amount":6700900,"balance_transaction_id":null,"billing":{"address":{"city":"","country":"","line1":"","line2":"","postal_code":"","state":""},"email":"profakerblah@gmail.com","name":"Karltzy Abad","phone":"09948391401"},"currency":"PHP","description":null,"disputed":false,"external_reference_number":null,"failed_code":"CLOSED","failed_message":"Unknown processing error.","fee":0,"instant_settlement":null,"livemode":false,"net_amount":0,"origin":"api","payment_intent_id":"pi_efX4S8x4gFhsdjzRviAJLpqF","payout":null,"source":{"id":"src_7e4eG4CBNq8kAgYemTF4whrP","type":"gcash","provider":{"id":null},"provider_id":null},"statement_descriptor":"ProjectJmab","status":"failed","tax_amount":null,"metadata":null,"promotion":null,"refunds":[],"taxes":[],"created_at":1741358291,"credited_at":null,"paid_at":1741358291,"updated_at":1741358291}},"previous_data":{},"created_at":1741358291,"updated_at":1741358291}}}
Event Type: payment.failed
Reference Number: 
Payment ID: pay_C4fjoKYoYkMCC3HZv8CgG7a6
Event Data: {"data":{"id":"evt_mDDYBm6QK3jXsxpUNqPvu9vT","type":"event","attributes":{"type":"payment.failed","livemode":false,"data":{"id":"pay_C4fjoKYoYkMCC3HZv8CgG7a6","type":"payment","attributes":{"access_url":null,"amount":6700900,"balance_transaction_id":null,"billing":{"address":{"city":"","country":"","line1":"","line2":"","postal_code":"","state":""},"email":"profakerblah@gmail.com","name":"Karltzy Abad","phone":"09948391401"},"currency":"PHP","description":null,"disputed":false,"external_reference_number":null,"failed_code":"CLOSED","failed_message":"Unknown processing error.","fee":0,"instant_settlement":null,"livemode":false,"net_amount":0,"origin":"api","payment_intent_id":"pi_efX4S8x4gFhsdjzRviAJLpqF","payout":null,"source":{"id":"src_7e4eG4CBNq8kAgYemTF4whrP","type":"gcash","provider":{"id":null},"provider_id":null},"statement_descriptor":"ProjectJmab","status":"failed","tax_amount":null,"metadata":null,"promotion":null,"refunds":[],"taxes":[],"created_at":1741358291,"credited_at":null,"paid_at":1741358291,"updated_at":1741358291}},"previous_data":{},"created_at":1741358291,"updated_at":1741358291}}}
Event Type: payment.failed
Reference Number: 
Payment ID: pay_C4fjoKYoYkMCC3HZv8CgG7a6
Event Data: {"data":{"id":"evt_mDDYBm6QK3jXsxpUNqPvu9vT","type":"event","attributes":{"type":"payment.failed","livemode":false,"data":{"id":"pay_C4fjoKYoYkMCC3HZv8CgG7a6","type":"payment","attributes":{"access_url":null,"amount":6700900,"balance_transaction_id":null,"billing":{"address":{"city":"","country":"","line1":"","line2":"","postal_code":"","state":""},"email":"profakerblah@gmail.com","name":"Karltzy Abad","phone":"09948391401"},"currency":"PHP","description":null,"disputed":false,"external_reference_number":null,"failed_code":"CLOSED","failed_message":"Unknown processing error.","fee":0,"instant_settlement":null,"livemode":false,"net_amount":0,"origin":"api","payment_intent_id":"pi_efX4S8x4gFhsdjzRviAJLpqF","payout":null,"source":{"id":"src_7e4eG4CBNq8kAgYemTF4whrP","type":"gcash","provider":{"id":null},"provider_id":null},"statement_descriptor":"ProjectJmab","status":"failed","tax_amount":null,"metadata":null,"promotion":null,"refunds":[],"taxes":[],"created_at":1741358291,"credited_at":null,"paid_at":1741358291,"updated_at":1741358291}},"previous_data":{},"created_at":1741358291,"updated_at":1741358291}}}
Event Type: payment.failed
Reference Number: 
Payment ID: pay_C4fjoKYoYkMCC3HZv8CgG7a6
Event Data: {"data":{"id":"evt_mDDYBm6QK3jXsxpUNqPvu9vT","type":"event","attributes":{"type":"payment.failed","livemode":false,"data":{"id":"pay_C4fjoKYoYkMCC3HZv8CgG7a6","type":"payment","attributes":{"access_url":null,"amount":6700900,"balance_transaction_id":null,"billing":{"address":{"city":"","country":"","line1":"","line2":"","postal_code":"","state":""},"email":"profakerblah@gmail.com","name":"Karltzy Abad","phone":"09948391401"},"currency":"PHP","description":null,"disputed":false,"external_reference_number":null,"failed_code":"CLOSED","failed_message":"Unknown processing error.","fee":0,"instant_settlement":null,"livemode":false,"net_amount":0,"origin":"api","payment_intent_id":"pi_efX4S8x4gFhsdjzRviAJLpqF","payout":null,"source":{"id":"src_7e4eG4CBNq8kAgYemTF4whrP","type":"gcash","provider":{"id":null},"provider_id":null},"statement_descriptor":"ProjectJmab","status":"failed","tax_amount":null,"metadata":null,"promotion":null,"refunds":[],"taxes":[],"created_at":1741358291,"credited_at":null,"paid_at":1741358291,"updated_at":1741358291}},"previous_data":{},"created_at":1741358291,"updated_at":1741358291}}}
Event Type: payment.failed
Reference Number: 
Payment ID: pay_C4fjoKYoYkMCC3HZv8CgG7a6
Event Data: {"data":{"id":"evt_p6ZbCHx1WgujhAATUVLZ4uFR","type":"event","attributes":{"type":"payment.paid","livemode":false,"data":{"id":"pay_BdfcMGAArnckXwyeQ5WNvqYa","type":"payment","attributes":{"access_url":null,"amount":6700900,"balance_transaction_id":"bal_txn_tB3qwgiTrQKeEXvKUYLSh3aF","billing":{"address":{"city":"","country":"","line1":"","line2":"","postal_code":"","state":""},"email":"profakerblah@gmail.com","name":"Karltzy Abad","phone":"09948391401"},"currency":"PHP","description":null,"disputed":false,"external_reference_number":null,"fee":167523,"instant_settlement":null,"livemode":false,"net_amount":6533377,"origin":"api","payment_intent_id":"pi_XCw1YA5EBStVN7EFiHvdAHbH","payout":null,"source":{"id":"src_bqBYqdgXVRUkwYGAeTEZW3Ux","type":"gcash","provider":{"id":null},"provider_id":null},"statement_descriptor":"ProjectJmab","status":"paid","tax_amount":null,"metadata":{"reference_number":"order_67cb060c04152"},"promotion":null,"refunds":[],"taxes":[],"available_at":1741770000,"created_at":1741358636,"credited_at":1742374800,"paid_at":1741358636,"updated_at":1741358636}},"previous_data":{},"created_at":1741358636,"updated_at":1741358636}}}
Event Type: payment.paid
Source ID: src_bqBYqdgXVRUkwYGAeTEZW3Ux
Payment ID: pay_BdfcMGAArnckXwyeQ5WNvqYa
Reference Number: order_67cb060c04152
Event Data: {"data":{"id":"evt_p6ZbCHx1WgujhAATUVLZ4uFR","type":"event","attributes":{"type":"payment.paid","livemode":false,"data":{"id":"pay_BdfcMGAArnckXwyeQ5WNvqYa","type":"payment","attributes":{"access_url":null,"amount":6700900,"balance_transaction_id":"bal_txn_tB3qwgiTrQKeEXvKUYLSh3aF","billing":{"address":{"city":"","country":"","line1":"","line2":"","postal_code":"","state":""},"email":"profakerblah@gmail.com","name":"Karltzy Abad","phone":"09948391401"},"currency":"PHP","description":null,"disputed":false,"external_reference_number":null,"fee":167523,"instant_settlement":null,"livemode":false,"net_amount":6533377,"origin":"api","payment_intent_id":"pi_XCw1YA5EBStVN7EFiHvdAHbH","payout":null,"source":{"id":"src_bqBYqdgXVRUkwYGAeTEZW3Ux","type":"gcash","provider":{"id":null},"provider_id":null},"statement_descriptor":"ProjectJmab","status":"paid","tax_amount":null,"metadata":{"reference_number":"order_67cb060c04152"},"promotion":null,"refunds":[],"taxes":[],"available_at":1741770000,"created_at":1741358636,"credited_at":1742374800,"paid_at":1741358636,"updated_at":1741358636}},"previous_data":{},"created_at":1741358636,"updated_at":1741358636}}}
Event Type: payment.paid
Source ID: src_bqBYqdgXVRUkwYGAeTEZW3Ux
Payment ID: pay_BdfcMGAArnckXwyeQ5WNvqYa
Reference Number: order_67cb060c04152
Event Data: {"data":{"id":"evt_p6ZbCHx1WgujhAATUVLZ4uFR","type":"event","attributes":{"type":"payment.paid","livemode":false,"data":{"id":"pay_BdfcMGAArnckXwyeQ5WNvqYa","type":"payment","attributes":{"access_url":null,"amount":6700900,"balance_transaction_id":"bal_txn_tB3qwgiTrQKeEXvKUYLSh3aF","billing":{"address":{"city":"","country":"","line1":"","line2":"","postal_code":"","state":""},"email":"profakerblah@gmail.com","name":"Karltzy Abad","phone":"09948391401"},"currency":"PHP","description":null,"disputed":false,"external_reference_number":null,"fee":167523,"instant_settlement":null,"livemode":false,"net_amount":6533377,"origin":"api","payment_intent_id":"pi_XCw1YA5EBStVN7EFiHvdAHbH","payout":null,"source":{"id":"src_bqBYqdgXVRUkwYGAeTEZW3Ux","type":"gcash","provider":{"id":null},"provider_id":null},"statement_descriptor":"ProjectJmab","status":"paid","tax_amount":null,"metadata":{"reference_number":"order_67cb060c04152"},"promotion":null,"refunds":[],"taxes":[],"available_at":1741770000,"created_at":1741358636,"credited_at":1742374800,"paid_at":1741358636,"updated_at":1741358636}},"previous_data":{},"created_at":1741358636,"updated_at":1741358636}}}
Event Type: payment.paid
Source ID: src_bqBYqdgXVRUkwYGAeTEZW3Ux
Payment ID: pay_BdfcMGAArnckXwyeQ5WNvqYa
Reference Number: order_67cb060c04152
Event Data: {"data":{"id":"evt_p6ZbCHx1WgujhAATUVLZ4uFR","type":"event","attributes":{"type":"payment.paid","livemode":false,"data":{"id":"pay_BdfcMGAArnckXwyeQ5WNvqYa","type":"payment","attributes":{"access_url":null,"amount":6700900,"balance_transaction_id":"bal_txn_tB3qwgiTrQKeEXvKUYLSh3aF","billing":{"address":{"city":"","country":"","line1":"","line2":"","postal_code":"","state":""},"email":"profakerblah@gmail.com","name":"Karltzy Abad","phone":"09948391401"},"currency":"PHP","description":null,"disputed":false,"external_reference_number":null,"fee":167523,"instant_settlement":null,"livemode":false,"net_amount":6533377,"origin":"api","payment_intent_id":"pi_XCw1YA5EBStVN7EFiHvdAHbH","payout":null,"source":{"id":"src_bqBYqdgXVRUkwYGAeTEZW3Ux","type":"gcash","provider":{"id":null},"provider_id":null},"statement_descriptor":"ProjectJmab","status":"paid","tax_amount":null,"metadata":{"reference_number":"order_67cb060c04152"},"promotion":null,"refunds":[],"taxes":[],"available_at":1741770000,"created_at":1741358636,"credited_at":1742374800,"paid_at":1741358636,"updated_at":1741358636}},"previous_data":{},"created_at":1741358636,"updated_at":1741358636}}}
Event Type: payment.paid
Source ID: src_bqBYqdgXVRUkwYGAeTEZW3Ux
Payment ID: pay_BdfcMGAArnckXwyeQ5WNvqYa
Reference Number: order_67cb060c04152
Event Data: {"data":{"id":"evt_p6ZbCHx1WgujhAATUVLZ4uFR","type":"event","attributes":{"type":"payment.paid","livemode":false,"data":{"id":"pay_BdfcMGAArnckXwyeQ5WNvqYa","type":"payment","attributes":{"access_url":null,"amount":6700900,"balance_transaction_id":"bal_txn_tB3qwgiTrQKeEXvKUYLSh3aF","billing":{"address":{"city":"","country":"","line1":"","line2":"","postal_code":"","state":""},"email":"profakerblah@gmail.com","name":"Karltzy Abad","phone":"09948391401"},"currency":"PHP","description":null,"disputed":false,"external_reference_number":null,"fee":167523,"instant_settlement":null,"livemode":false,"net_amount":6533377,"origin":"api","payment_intent_id":"pi_XCw1YA5EBStVN7EFiHvdAHbH","payout":null,"source":{"id":"src_bqBYqdgXVRUkwYGAeTEZW3Ux","type":"gcash","provider":{"id":null},"provider_id":null},"statement_descriptor":"ProjectJmab","status":"paid","tax_amount":null,"metadata":{"reference_number":"order_67cb060c04152"},"promotion":null,"refunds":[],"taxes":[],"available_at":1741770000,"created_at":1741358636,"credited_at":1742374800,"paid_at":1741358636,"updated_at":1741358636}},"previous_data":{},"created_at":1741358636,"updated_at":1741358636}}}
Event Type: payment.paid
Reference Number: order_67cb060c04152
Payment ID: pay_BdfcMGAArnckXwyeQ5WNvqYa
Updated order order_67cb060c04152 to status: paid with Payment ID: pay_BdfcMGAArnckXwyeQ5WNvqYa
Event Data: {"data":{"id":"evt_BpSdQC4fmcpa4Xo2P7Qg52rg","type":"event","attributes":{"type":"payment.paid","livemode":false,"data":{"id":"pay_jtvUeA7kLS1AMzPeuMubM4S3","type":"payment","attributes":{"access_url":null,"amount":6700900,"balance_transaction_id":"bal_txn_UU1qW4SGzXBdysM6AhYzdmKW","billing":{"address":{"city":"","country":"","line1":"","line2":"","postal_code":"","state":""},"email":"profakerblah@gmail.com","name":"Karltzy Abad","phone":"09948391401"},"currency":"PHP","description":null,"disputed":false,"external_reference_number":null,"fee":167523,"instant_settlement":null,"livemode":false,"net_amount":6533377,"origin":"api","payment_intent_id":"pi_eJMjsXmQZnq43eUAqfViHvRf","payout":null,"source":{"id":"src_x4jYPt5prv9sfnZwZj4yiZTJ","type":"gcash","provider":{"id":null},"provider_id":null},"statement_descriptor":"ProjectJmab","status":"paid","tax_amount":null,"metadata":{"reference_number":"order_67cb06b83db86"},"promotion":null,"refunds":[],"taxes":[],"available_at":1741770000,"created_at":1741358797,"credited_at":1742374800,"paid_at":1741358796,"updated_at":1741358797}},"previous_data":{},"created_at":1741358797,"updated_at":1741358797}}}
Event Type: payment.paid
Reference Number: order_67cb06b83db86
Payment ID: pay_jtvUeA7kLS1AMzPeuMubM4S3
Source ID: src_x4jYPt5prv9sfnZwZj4yiZTJ
Updated order order_67cb06b83db86 to status: paid with Payment ID: pay_jtvUeA7kLS1AMzPeuMubM4S3
Event Data: {"data":{"id":"evt_mDDYBm6QK3jXsxpUNqPvu9vT","type":"event","attributes":{"type":"payment.failed","livemode":false,"data":{"id":"pay_C4fjoKYoYkMCC3HZv8CgG7a6","type":"payment","attributes":{"access_url":null,"amount":6700900,"balance_transaction_id":null,"billing":{"address":{"city":"","country":"","line1":"","line2":"","postal_code":"","state":""},"email":"profakerblah@gmail.com","name":"Karltzy Abad","phone":"09948391401"},"currency":"PHP","description":null,"disputed":false,"external_reference_number":null,"failed_code":"CLOSED","failed_message":"Unknown processing error.","fee":0,"instant_settlement":null,"livemode":false,"net_amount":0,"origin":"api","payment_intent_id":"pi_efX4S8x4gFhsdjzRviAJLpqF","payout":null,"source":{"id":"src_7e4eG4CBNq8kAgYemTF4whrP","type":"gcash","provider":{"id":null},"provider_id":null},"statement_descriptor":"ProjectJmab","status":"failed","tax_amount":null,"metadata":null,"promotion":null,"refunds":[],"taxes":[],"created_at":1741358291,"credited_at":null,"paid_at":1741358291,"updated_at":1741358291}},"previous_data":{},"created_at":1741358291,"updated_at":1741358291}}}
Event Type: payment.failed
Reference Number: 
Payment ID: pay_C4fjoKYoYkMCC3HZv8CgG7a6
Source ID: src_7e4eG4CBNq8kAgYemTF4whrP
Event Data: {"data":{"id":"evt_FkQ8ka5CCGF2ccyjBdNsEiUC","type":"event","attributes":{"type":"payment.failed","livemode":false,"data":{"id":"pay_YbYZ2ANYmPzo386zkhaBhLvo","type":"payment","attributes":{"access_url":null,"amount":6700900,"balance_transaction_id":null,"billing":{"address":{"city":"","country":"","line1":"","line2":"","postal_code":"","state":""},"email":"profakerblah@gmail.com","name":"Karltzy Abad","phone":"09948391401"},"currency":"PHP","description":null,"disputed":false,"external_reference_number":null,"failed_code":"CLOSED","failed_message":"Unknown processing error.","fee":0,"instant_settlement":null,"livemode":false,"net_amount":0,"origin":"api","payment_intent_id":"pi_7FrRRnZ79MDKZnwnpWSzsDGK","payout":null,"source":{"id":"src_wwgFvRCe2kbfgUBRQah896wA","type":"gcash","provider":{"id":null},"provider_id":null},"statement_descriptor":"ProjectJmab","status":"failed","tax_amount":null,"metadata":null,"promotion":null,"refunds":[],"taxes":[],"created_at":1741358836,"credited_at":null,"paid_at":1741358836,"updated_at":1741358836}},"previous_data":{},"created_at":1741358836,"updated_at":1741358836}}}
Event Type: payment.failed
Reference Number: 
Payment ID: pay_YbYZ2ANYmPzo386zkhaBhLvo
Source ID: src_wwgFvRCe2kbfgUBRQah896wA
Event Data: {"data":{"id":"evt_FkQ8ka5CCGF2ccyjBdNsEiUC","type":"event","attributes":{"type":"payment.failed","livemode":false,"data":{"id":"pay_YbYZ2ANYmPzo386zkhaBhLvo","type":"payment","attributes":{"access_url":null,"amount":6700900,"balance_transaction_id":null,"billing":{"address":{"city":"","country":"","line1":"","line2":"","postal_code":"","state":""},"email":"profakerblah@gmail.com","name":"Karltzy Abad","phone":"09948391401"},"currency":"PHP","description":null,"disputed":false,"external_reference_number":null,"failed_code":"CLOSED","failed_message":"Unknown processing error.","fee":0,"instant_settlement":null,"livemode":false,"net_amount":0,"origin":"api","payment_intent_id":"pi_7FrRRnZ79MDKZnwnpWSzsDGK","payout":null,"source":{"id":"src_wwgFvRCe2kbfgUBRQah896wA","type":"gcash","provider":{"id":null},"provider_id":null},"statement_descriptor":"ProjectJmab","status":"failed","tax_amount":null,"metadata":null,"promotion":null,"refunds":[],"taxes":[],"created_at":1741358836,"credited_at":null,"paid_at":1741358836,"updated_at":1741358836}},"previous_data":{},"created_at":1741358836,"updated_at":1741358836}}}
Event Type: payment.failed
Reference Number: 
Payment ID: pay_YbYZ2ANYmPzo386zkhaBhLvo
Source ID: src_wwgFvRCe2kbfgUBRQah896wA
Event Data: {"data":{"id":"evt_FkQ8ka5CCGF2ccyjBdNsEiUC","type":"event","attributes":{"type":"payment.failed","livemode":false,"data":{"id":"pay_YbYZ2ANYmPzo386zkhaBhLvo","type":"payment","attributes":{"access_url":null,"amount":6700900,"balance_transaction_id":null,"billing":{"address":{"city":"","country":"","line1":"","line2":"","postal_code":"","state":""},"email":"profakerblah@gmail.com","name":"Karltzy Abad","phone":"09948391401"},"currency":"PHP","description":null,"disputed":false,"external_reference_number":null,"failed_code":"CLOSED","failed_message":"Unknown processing error.","fee":0,"instant_settlement":null,"livemode":false,"net_amount":0,"origin":"api","payment_intent_id":"pi_7FrRRnZ79MDKZnwnpWSzsDGK","payout":null,"source":{"id":"src_wwgFvRCe2kbfgUBRQah896wA","type":"gcash","provider":{"id":null},"provider_id":null},"statement_descriptor":"ProjectJmab","status":"failed","tax_amount":null,"metadata":null,"promotion":null,"refunds":[],"taxes":[],"created_at":1741358836,"credited_at":null,"paid_at":1741358836,"updated_at":1741358836}},"previous_data":{},"created_at":1741358836,"updated_at":1741358836}}}
Event Type: payment.failed
Reference Number: 
Payment ID: pay_YbYZ2ANYmPzo386zkhaBhLvo
Source ID: src_wwgFvRCe2kbfgUBRQah896wA
Event Data: {"data":{"id":"evt_FkQ8ka5CCGF2ccyjBdNsEiUC","type":"event","attributes":{"type":"payment.failed","livemode":false,"data":{"id":"pay_YbYZ2ANYmPzo386zkhaBhLvo","type":"payment","attributes":{"access_url":null,"amount":6700900,"balance_transaction_id":null,"billing":{"address":{"city":"","country":"","line1":"","line2":"","postal_code":"","state":""},"email":"profakerblah@gmail.com","name":"Karltzy Abad","phone":"09948391401"},"currency":"PHP","description":null,"disputed":false,"external_reference_number":null,"failed_code":"CLOSED","failed_message":"Unknown processing error.","fee":0,"instant_settlement":null,"livemode":false,"net_amount":0,"origin":"api","payment_intent_id":"pi_7FrRRnZ79MDKZnwnpWSzsDGK","payout":null,"source":{"id":"src_wwgFvRCe2kbfgUBRQah896wA","type":"gcash","provider":{"id":null},"provider_id":null},"statement_descriptor":"ProjectJmab","status":"failed","tax_amount":null,"metadata":null,"promotion":null,"refunds":[],"taxes":[],"created_at":1741358836,"credited_at":null,"paid_at":1741358836,"updated_at":1741358836}},"previous_data":{},"created_at":1741358836,"updated_at":1741358836}}}
Event Type: payment.failed
Reference Number: 
Payment ID: pay_YbYZ2ANYmPzo386zkhaBhLvo
Source ID: src_wwgFvRCe2kbfgUBRQah896wA
Event Data: {"data":{"id":"evt_FkQ8ka5CCGF2ccyjBdNsEiUC","type":"event","attributes":{"type":"payment.failed","livemode":false,"data":{"id":"pay_YbYZ2ANYmPzo386zkhaBhLvo","type":"payment","attributes":{"access_url":null,"amount":6700900,"balance_transaction_id":null,"billing":{"address":{"city":"","country":"","line1":"","line2":"","postal_code":"","state":""},"email":"profakerblah@gmail.com","name":"Karltzy Abad","phone":"09948391401"},"currency":"PHP","description":null,"disputed":false,"external_reference_number":null,"failed_code":"CLOSED","failed_message":"Unknown processing error.","fee":0,"instant_settlement":null,"livemode":false,"net_amount":0,"origin":"api","payment_intent_id":"pi_7FrRRnZ79MDKZnwnpWSzsDGK","payout":null,"source":{"id":"src_wwgFvRCe2kbfgUBRQah896wA","type":"gcash","provider":{"id":null},"provider_id":null},"statement_descriptor":"ProjectJmab","status":"failed","tax_amount":null,"metadata":null,"promotion":null,"refunds":[],"taxes":[],"created_at":1741358836,"credited_at":null,"paid_at":1741358836,"updated_at":1741358836}},"previous_data":{},"created_at":1741358836,"updated_at":1741358836}}}
Event Type: payment.failed
Reference Number: 
Payment ID: pay_YbYZ2ANYmPzo386zkhaBhLvo
Source ID: src_wwgFvRCe2kbfgUBRQah896wA
Event Data: {"data":{"id":"evt_FkQ8ka5CCGF2ccyjBdNsEiUC","type":"event","attributes":{"type":"payment.failed","livemode":false,"data":{"id":"pay_YbYZ2ANYmPzo386zkhaBhLvo","type":"payment","attributes":{"access_url":null,"amount":6700900,"balance_transaction_id":null,"billing":{"address":{"city":"","country":"","line1":"","line2":"","postal_code":"","state":""},"email":"profakerblah@gmail.com","name":"Karltzy Abad","phone":"09948391401"},"currency":"PHP","description":null,"disputed":false,"external_reference_number":null,"failed_code":"CLOSED","failed_message":"Unknown processing error.","fee":0,"instant_settlement":null,"livemode":false,"net_amount":0,"origin":"api","payment_intent_id":"pi_7FrRRnZ79MDKZnwnpWSzsDGK","payout":null,"source":{"id":"src_wwgFvRCe2kbfgUBRQah896wA","type":"gcash","provider":{"id":null},"provider_id":null},"statement_descriptor":"ProjectJmab","status":"failed","tax_amount":null,"metadata":null,"promotion":null,"refunds":[],"taxes":[],"created_at":1741358836,"credited_at":null,"paid_at":1741358836,"updated_at":1741358836}},"previous_data":{},"created_at":1741358836,"updated_at":1741358836}}}
Event Type: payment.failed
Reference Number: 
Payment ID: pay_YbYZ2ANYmPzo386zkhaBhLvo
Source ID: src_wwgFvRCe2kbfgUBRQah896wA
Event Data: {"data":{"id":"evt_FkQ8ka5CCGF2ccyjBdNsEiUC","type":"event","attributes":{"type":"payment.failed","livemode":false,"data":{"id":"pay_YbYZ2ANYmPzo386zkhaBhLvo","type":"payment","attributes":{"access_url":null,"amount":6700900,"balance_transaction_id":null,"billing":{"address":{"city":"","country":"","line1":"","line2":"","postal_code":"","state":""},"email":"profakerblah@gmail.com","name":"Karltzy Abad","phone":"09948391401"},"currency":"PHP","description":null,"disputed":false,"external_reference_number":null,"failed_code":"CLOSED","failed_message":"Unknown processing error.","fee":0,"instant_settlement":null,"livemode":false,"net_amount":0,"origin":"api","payment_intent_id":"pi_7FrRRnZ79MDKZnwnpWSzsDGK","payout":null,"source":{"id":"src_wwgFvRCe2kbfgUBRQah896wA","type":"gcash","provider":{"id":null},"provider_id":null},"statement_descriptor":"ProjectJmab","status":"failed","tax_amount":null,"metadata":null,"promotion":null,"refunds":[],"taxes":[],"created_at":1741358836,"credited_at":null,"paid_at":1741358836,"updated_at":1741358836}},"previous_data":{},"created_at":1741358836,"updated_at":1741358836}}}
Event Type: payment.failed
Reference Number: 
Payment ID: pay_YbYZ2ANYmPzo386zkhaBhLvo
Source ID: src_wwgFvRCe2kbfgUBRQah896wA
Event Data: {"data":{"id":"evt_FkQ8ka5CCGF2ccyjBdNsEiUC","type":"event","attributes":{"type":"payment.failed","livemode":false,"data":{"id":"pay_YbYZ2ANYmPzo386zkhaBhLvo","type":"payment","attributes":{"access_url":null,"amount":6700900,"balance_transaction_id":null,"billing":{"address":{"city":"","country":"","line1":"","line2":"","postal_code":"","state":""},"email":"profakerblah@gmail.com","name":"Karltzy Abad","phone":"09948391401"},"currency":"PHP","description":null,"disputed":false,"external_reference_number":null,"failed_code":"CLOSED","failed_message":"Unknown processing error.","fee":0,"instant_settlement":null,"livemode":false,"net_amount":0,"origin":"api","payment_intent_id":"pi_7FrRRnZ79MDKZnwnpWSzsDGK","payout":null,"source":{"id":"src_wwgFvRCe2kbfgUBRQah896wA","type":"gcash","provider":{"id":null},"provider_id":null},"statement_descriptor":"ProjectJmab","status":"failed","tax_amount":null,"metadata":null,"promotion":null,"refunds":[],"taxes":[],"created_at":1741358836,"credited_at":null,"paid_at":1741358836,"updated_at":1741358836}},"previous_data":{},"created_at":1741358836,"updated_at":1741358836}}}
Event Type: payment.failed
Reference Number: 
Payment ID: pay_YbYZ2ANYmPzo386zkhaBhLvo
Event Data: {"data":{"id":"evt_V45gwP1n3PiyQZm9dP4ghus4","type":"event","attributes":{"type":"payment.failed","livemode":false,"data":{"id":"pay_jCuvub9i64a7Pmck8aDHsSJA","type":"payment","attributes":{"access_url":null,"amount":6700900,"balance_transaction_id":null,"billing":{"address":{"city":"","country":"","line1":"","line2":"","postal_code":"","state":""},"email":"profakerblah@gmail.com","name":"Karltzy Abad","phone":"09948391401"},"currency":"PHP","description":null,"disputed":false,"external_reference_number":null,"failed_code":"CLOSED","failed_message":"Unknown processing error.","fee":0,"instant_settlement":null,"livemode":false,"net_amount":0,"origin":"api","payment_intent_id":"pi_99Fso49Rp5cFfK1dVr2S2nuU","payout":null,"source":{"id":"src_BAcbtghHUvU5Q2fXaGQR11GB","type":"gcash","provider":{"id":null},"provider_id":null},"statement_descriptor":"ProjectJmab","status":"failed","tax_amount":null,"metadata":null,"promotion":null,"refunds":[],"taxes":[],"created_at":1741359169,"credited_at":null,"paid_at":1741359169,"updated_at":1741359169}},"previous_data":{},"created_at":1741359169,"updated_at":1741359169}}}
Event Type: payment.failed
Reference Number: 
Payment ID: pay_jCuvub9i64a7Pmck8aDHsSJA
Source ID: src_BAcbtghHUvU5Q2fXaGQR11GB
Event Data: {"data":{"id":"evt_V45gwP1n3PiyQZm9dP4ghus4","type":"event","attributes":{"type":"payment.failed","livemode":false,"data":{"id":"pay_jCuvub9i64a7Pmck8aDHsSJA","type":"payment","attributes":{"access_url":null,"amount":6700900,"balance_transaction_id":null,"billing":{"address":{"city":"","country":"","line1":"","line2":"","postal_code":"","state":""},"email":"profakerblah@gmail.com","name":"Karltzy Abad","phone":"09948391401"},"currency":"PHP","description":null,"disputed":false,"external_reference_number":null,"failed_code":"CLOSED","failed_message":"Unknown processing error.","fee":0,"instant_settlement":null,"livemode":false,"net_amount":0,"origin":"api","payment_intent_id":"pi_99Fso49Rp5cFfK1dVr2S2nuU","payout":null,"source":{"id":"src_BAcbtghHUvU5Q2fXaGQR11GB","type":"gcash","provider":{"id":null},"provider_id":null},"statement_descriptor":"ProjectJmab","status":"failed","tax_amount":null,"metadata":null,"promotion":null,"refunds":[],"taxes":[],"created_at":1741359169,"credited_at":null,"paid_at":1741359169,"updated_at":1741359169}},"previous_data":{},"created_at":1741359169,"updated_at":1741359169}}}
Event Type: payment.failed
Reference Number: 
Payment ID: pay_jCuvub9i64a7Pmck8aDHsSJA
Source ID: src_BAcbtghHUvU5Q2fXaGQR11GB
Event Data: {"data":{"id":"evt_V45gwP1n3PiyQZm9dP4ghus4","type":"event","attributes":{"type":"payment.failed","livemode":false,"data":{"id":"pay_jCuvub9i64a7Pmck8aDHsSJA","type":"payment","attributes":{"access_url":null,"amount":6700900,"balance_transaction_id":null,"billing":{"address":{"city":"","country":"","line1":"","line2":"","postal_code":"","state":""},"email":"profakerblah@gmail.com","name":"Karltzy Abad","phone":"09948391401"},"currency":"PHP","description":null,"disputed":false,"external_reference_number":null,"failed_code":"CLOSED","failed_message":"Unknown processing error.","fee":0,"instant_settlement":null,"livemode":false,"net_amount":0,"origin":"api","payment_intent_id":"pi_99Fso49Rp5cFfK1dVr2S2nuU","payout":null,"source":{"id":"src_BAcbtghHUvU5Q2fXaGQR11GB","type":"gcash","provider":{"id":null},"provider_id":null},"statement_descriptor":"ProjectJmab","status":"failed","tax_amount":null,"metadata":null,"promotion":null,"refunds":[],"taxes":[],"created_at":1741359169,"credited_at":null,"paid_at":1741359169,"updated_at":1741359169}},"previous_data":{},"created_at":1741359169,"updated_at":1741359169}}}
Event Type: payment.failed
Reference Number: 
Payment ID: pay_jCuvub9i64a7Pmck8aDHsSJA
Source ID: src_BAcbtghHUvU5Q2fXaGQR11GB
Event Data: {"data":{"id":"evt_V45gwP1n3PiyQZm9dP4ghus4","type":"event","attributes":{"type":"payment.failed","livemode":false,"data":{"id":"pay_jCuvub9i64a7Pmck8aDHsSJA","type":"payment","attributes":{"access_url":null,"amount":6700900,"balance_transaction_id":null,"billing":{"address":{"city":"","country":"","line1":"","line2":"","postal_code":"","state":""},"email":"profakerblah@gmail.com","name":"Karltzy Abad","phone":"09948391401"},"currency":"PHP","description":null,"disputed":false,"external_reference_number":null,"failed_code":"CLOSED","failed_message":"Unknown processing error.","fee":0,"instant_settlement":null,"livemode":false,"net_amount":0,"origin":"api","payment_intent_id":"pi_99Fso49Rp5cFfK1dVr2S2nuU","payout":null,"source":{"id":"src_BAcbtghHUvU5Q2fXaGQR11GB","type":"gcash","provider":{"id":null},"provider_id":null},"statement_descriptor":"ProjectJmab","status":"failed","tax_amount":null,"metadata":null,"promotion":null,"refunds":[],"taxes":[],"created_at":1741359169,"credited_at":null,"paid_at":1741359169,"updated_at":1741359169}},"previous_data":{},"created_at":1741359169,"updated_at":1741359169}}}
Event Type: payment.failed
Reference Number: 
Payment ID: pay_jCuvub9i64a7Pmck8aDHsSJA
Source ID: src_BAcbtghHUvU5Q2fXaGQR11GB
Event Data: {"data":{"id":"evt_V45gwP1n3PiyQZm9dP4ghus4","type":"event","attributes":{"type":"payment.failed","livemode":false,"data":{"id":"pay_jCuvub9i64a7Pmck8aDHsSJA","type":"payment","attributes":{"access_url":null,"amount":6700900,"balance_transaction_id":null,"billing":{"address":{"city":"","country":"","line1":"","line2":"","postal_code":"","state":""},"email":"profakerblah@gmail.com","name":"Karltzy Abad","phone":"09948391401"},"currency":"PHP","description":null,"disputed":false,"external_reference_number":null,"failed_code":"CLOSED","failed_message":"Unknown processing error.","fee":0,"instant_settlement":null,"livemode":false,"net_amount":0,"origin":"api","payment_intent_id":"pi_99Fso49Rp5cFfK1dVr2S2nuU","payout":null,"source":{"id":"src_BAcbtghHUvU5Q2fXaGQR11GB","type":"gcash","provider":{"id":null},"provider_id":null},"statement_descriptor":"ProjectJmab","status":"failed","tax_amount":null,"metadata":null,"promotion":null,"refunds":[],"taxes":[],"created_at":1741359169,"credited_at":null,"paid_at":1741359169,"updated_at":1741359169}},"previous_data":{},"created_at":1741359169,"updated_at":1741359169}}}
Event Type: payment.failed
Reference Number: 
Payment ID: pay_jCuvub9i64a7Pmck8aDHsSJA
Source ID: src_BAcbtghHUvU5Q2fXaGQR11GB
Event Data: {"data":{"id":"evt_V45gwP1n3PiyQZm9dP4ghus4","type":"event","attributes":{"type":"payment.failed","livemode":false,"data":{"id":"pay_jCuvub9i64a7Pmck8aDHsSJA","type":"payment","attributes":{"access_url":null,"amount":6700900,"balance_transaction_id":null,"billing":{"address":{"city":"","country":"","line1":"","line2":"","postal_code":"","state":""},"email":"profakerblah@gmail.com","name":"Karltzy Abad","phone":"09948391401"},"currency":"PHP","description":null,"disputed":false,"external_reference_number":null,"failed_code":"CLOSED","failed_message":"Unknown processing error.","fee":0,"instant_settlement":null,"livemode":false,"net_amount":0,"origin":"api","payment_intent_id":"pi_99Fso49Rp5cFfK1dVr2S2nuU","payout":null,"source":{"id":"src_BAcbtghHUvU5Q2fXaGQR11GB","type":"gcash","provider":{"id":null},"provider_id":null},"statement_descriptor":"ProjectJmab","status":"failed","tax_amount":null,"metadata":null,"promotion":null,"refunds":[],"taxes":[],"created_at":1741359169,"credited_at":null,"paid_at":1741359169,"updated_at":1741359169}},"previous_data":{},"created_at":1741359169,"updated_at":1741359169}}}
Event Type: payment.failed
Reference Number: 
Payment ID: pay_jCuvub9i64a7Pmck8aDHsSJA
Source ID: src_BAcbtghHUvU5Q2fXaGQR11GB
Event Data: {"data":{"id":"evt_V45gwP1n3PiyQZm9dP4ghus4","type":"event","attributes":{"type":"payment.failed","livemode":false,"data":{"id":"pay_jCuvub9i64a7Pmck8aDHsSJA","type":"payment","attributes":{"access_url":null,"amount":6700900,"balance_transaction_id":null,"billing":{"address":{"city":"","country":"","line1":"","line2":"","postal_code":"","state":""},"email":"profakerblah@gmail.com","name":"Karltzy Abad","phone":"09948391401"},"currency":"PHP","description":null,"disputed":false,"external_reference_number":null,"failed_code":"CLOSED","failed_message":"Unknown processing error.","fee":0,"instant_settlement":null,"livemode":false,"net_amount":0,"origin":"api","payment_intent_id":"pi_99Fso49Rp5cFfK1dVr2S2nuU","payout":null,"source":{"id":"src_BAcbtghHUvU5Q2fXaGQR11GB","type":"gcash","provider":{"id":null},"provider_id":null},"statement_descriptor":"ProjectJmab","status":"failed","tax_amount":null,"metadata":null,"promotion":null,"refunds":[],"taxes":[],"created_at":1741359169,"credited_at":null,"paid_at":1741359169,"updated_at":1741359169}},"previous_data":{},"created_at":1741359169,"updated_at":1741359169}}}
Event Type: payment.failed
Reference Number: 
Payment ID: pay_jCuvub9i64a7Pmck8aDHsSJA
Event Data: {"data":{"id":"evt_mDDYBm6QK3jXsxpUNqPvu9vT","type":"event","attributes":{"type":"payment.failed","livemode":false,"data":{"id":"pay_C4fjoKYoYkMCC3HZv8CgG7a6","type":"payment","attributes":{"access_url":null,"amount":6700900,"balance_transaction_id":null,"billing":{"address":{"city":"","country":"","line1":"","line2":"","postal_code":"","state":""},"email":"profakerblah@gmail.com","name":"Karltzy Abad","phone":"09948391401"},"currency":"PHP","description":null,"disputed":false,"external_reference_number":null,"failed_code":"CLOSED","failed_message":"Unknown processing error.","fee":0,"instant_settlement":null,"livemode":false,"net_amount":0,"origin":"api","payment_intent_id":"pi_efX4S8x4gFhsdjzRviAJLpqF","payout":null,"source":{"id":"src_7e4eG4CBNq8kAgYemTF4whrP","type":"gcash","provider":{"id":null},"provider_id":null},"statement_descriptor":"ProjectJmab","status":"failed","tax_amount":null,"metadata":null,"promotion":null,"refunds":[],"taxes":[],"created_at":1741358291,"credited_at":null,"paid_at":1741358291,"updated_at":1741358291}},"previous_data":{},"created_at":1741358291,"updated_at":1741358291}}}
Event Type: payment.failed
Reference Number: 
Payment ID: pay_C4fjoKYoYkMCC3HZv8CgG7a6
Event Data: {"data":{"id":"evt_FkQ8ka5CCGF2ccyjBdNsEiUC","type":"event","attributes":{"type":"payment.failed","livemode":false,"data":{"id":"pay_YbYZ2ANYmPzo386zkhaBhLvo","type":"payment","attributes":{"access_url":null,"amount":6700900,"balance_transaction_id":null,"billing":{"address":{"city":"","country":"","line1":"","line2":"","postal_code":"","state":""},"email":"profakerblah@gmail.com","name":"Karltzy Abad","phone":"09948391401"},"currency":"PHP","description":null,"disputed":false,"external_reference_number":null,"failed_code":"CLOSED","failed_message":"Unknown processing error.","fee":0,"instant_settlement":null,"livemode":false,"net_amount":0,"origin":"api","payment_intent_id":"pi_7FrRRnZ79MDKZnwnpWSzsDGK","payout":null,"source":{"id":"src_wwgFvRCe2kbfgUBRQah896wA","type":"gcash","provider":{"id":null},"provider_id":null},"statement_descriptor":"ProjectJmab","status":"failed","tax_amount":null,"metadata":null,"promotion":null,"refunds":[],"taxes":[],"created_at":1741358836,"credited_at":null,"paid_at":1741358836,"updated_at":1741358836}},"previous_data":{},"created_at":1741358836,"updated_at":1741358836}}}
Event Type: payment.failed
Reference Number: 
Payment ID: pay_YbYZ2ANYmPzo386zkhaBhLvo
Event Data: {"data":{"id":"evt_V45gwP1n3PiyQZm9dP4ghus4","type":"event","attributes":{"type":"payment.failed","livemode":false,"data":{"id":"pay_jCuvub9i64a7Pmck8aDHsSJA","type":"payment","attributes":{"access_url":null,"amount":6700900,"balance_transaction_id":null,"billing":{"address":{"city":"","country":"","line1":"","line2":"","postal_code":"","state":""},"email":"profakerblah@gmail.com","name":"Karltzy Abad","phone":"09948391401"},"currency":"PHP","description":null,"disputed":false,"external_reference_number":null,"failed_code":"CLOSED","failed_message":"Unknown processing error.","fee":0,"instant_settlement":null,"livemode":false,"net_amount":0,"origin":"api","payment_intent_id":"pi_99Fso49Rp5cFfK1dVr2S2nuU","payout":null,"source":{"id":"src_BAcbtghHUvU5Q2fXaGQR11GB","type":"gcash","provider":{"id":null},"provider_id":null},"statement_descriptor":"ProjectJmab","status":"failed","tax_amount":null,"metadata":null,"promotion":null,"refunds":[],"taxes":[],"created_at":1741359169,"credited_at":null,"paid_at":1741359169,"updated_at":1741359169}},"previous_data":{},"created_at":1741359169,"updated_at":1741359169}}}
Event Type: payment.failed
Reference Number: 
Payment ID: pay_jCuvub9i64a7Pmck8aDHsSJA
Event Data: {"data":{"id":"evt_V45gwP1n3PiyQZm9dP4ghus4","type":"event","attributes":{"type":"payment.failed","livemode":false,"data":{"id":"pay_jCuvub9i64a7Pmck8aDHsSJA","type":"payment","attributes":{"access_url":null,"amount":6700900,"balance_transaction_id":null,"billing":{"address":{"city":"","country":"","line1":"","line2":"","postal_code":"","state":""},"email":"profakerblah@gmail.com","name":"Karltzy Abad","phone":"09948391401"},"currency":"PHP","description":null,"disputed":false,"external_reference_number":null,"failed_code":"CLOSED","failed_message":"Unknown processing error.","fee":0,"instant_settlement":null,"livemode":false,"net_amount":0,"origin":"api","payment_intent_id":"pi_99Fso49Rp5cFfK1dVr2S2nuU","payout":null,"source":{"id":"src_BAcbtghHUvU5Q2fXaGQR11GB","type":"gcash","provider":{"id":null},"provider_id":null},"statement_descriptor":"ProjectJmab","status":"failed","tax_amount":null,"metadata":null,"promotion":null,"refunds":[],"taxes":[],"created_at":1741359169,"credited_at":null,"paid_at":1741359169,"updated_at":1741359169}},"previous_data":{},"created_at":1741359169,"updated_at":1741359169}}}
Event Type: payment.failed
Reference Number: 
Payment ID: pay_jCuvub9i64a7Pmck8aDHsSJA
Event Data: {"data":{"id":"evt_FkQ8ka5CCGF2ccyjBdNsEiUC","type":"event","attributes":{"type":"payment.failed","livemode":false,"data":{"id":"pay_YbYZ2ANYmPzo386zkhaBhLvo","type":"payment","attributes":{"access_url":null,"amount":6700900,"balance_transaction_id":null,"billing":{"address":{"city":"","country":"","line1":"","line2":"","postal_code":"","state":""},"email":"profakerblah@gmail.com","name":"Karltzy Abad","phone":"09948391401"},"currency":"PHP","description":null,"disputed":false,"external_reference_number":null,"failed_code":"CLOSED","failed_message":"Unknown processing error.","fee":0,"instant_settlement":null,"livemode":false,"net_amount":0,"origin":"api","payment_intent_id":"pi_7FrRRnZ79MDKZnwnpWSzsDGK","payout":null,"source":{"id":"src_wwgFvRCe2kbfgUBRQah896wA","type":"gcash","provider":{"id":null},"provider_id":null},"statement_descriptor":"ProjectJmab","status":"failed","tax_amount":null,"metadata":null,"promotion":null,"refunds":[],"taxes":[],"created_at":1741358836,"credited_at":null,"paid_at":1741358836,"updated_at":1741358836}},"previous_data":{},"created_at":1741358836,"updated_at":1741358836}}}
Event Type: payment.failed
Reference Number: 
Payment ID: pay_YbYZ2ANYmPzo386zkhaBhLvo
Event Data: {"data":{"id":"evt_fi8hkZSALiwcvG81bb2NLTpS","type":"event","attributes":{"type":"payment.paid","livemode":false,"data":{"id":"pay_Ri4dM57RA7Ui6Jh9TfYj1gHK","type":"payment","attributes":{"access_url":null,"amount":6700900,"balance_transaction_id":"bal_txn_d5buUyfkUqRsUznSG5K3vkaJ","billing":{"address":{"city":"","country":"","line1":"","line2":"","postal_code":"","state":""},"email":"profakerblah@gmail.com","name":"Karltzy Abad","phone":"09948391401"},"currency":"PHP","description":null,"disputed":false,"external_reference_number":null,"fee":167523,"instant_settlement":null,"livemode":false,"net_amount":6533377,"origin":"api","payment_intent_id":"pi_zTKrvwxHXYpjacJtVXx6Y4mH","payout":null,"source":{"id":"src_kJcdZuPADjnyiHn8ncjtBxM4","type":"gcash","provider":{"id":null},"provider_id":null},"statement_descriptor":"ProjectJmab","status":"paid","tax_amount":null,"metadata":{"reference_number":"order_67cb0b772373c"},"promotion":null,"refunds":[],"taxes":[],"available_at":1741770000,"created_at":1741360017,"credited_at":1742374800,"paid_at":1741360017,"updated_at":1741360017}},"previous_data":{},"created_at":1741360017,"updated_at":1741360017}}}
Event Type: payment.paid
Reference Number: order_67cb0b772373c
Payment ID: pay_Ri4dM57RA7Ui6Jh9TfYj1gHK
Updated order order_67cb0b772373c to status: paid with Payment ID: pay_Ri4dM57RA7Ui6Jh9TfYj1gHK
Event Data: {"data":{"id":"evt_V45gwP1n3PiyQZm9dP4ghus4","type":"event","attributes":{"type":"payment.failed","livemode":false,"data":{"id":"pay_jCuvub9i64a7Pmck8aDHsSJA","type":"payment","attributes":{"access_url":null,"amount":6700900,"balance_transaction_id":null,"billing":{"address":{"city":"","country":"","line1":"","line2":"","postal_code":"","state":""},"email":"profakerblah@gmail.com","name":"Karltzy Abad","phone":"09948391401"},"currency":"PHP","description":null,"disputed":false,"external_reference_number":null,"failed_code":"CLOSED","failed_message":"Unknown processing error.","fee":0,"instant_settlement":null,"livemode":false,"net_amount":0,"origin":"api","payment_intent_id":"pi_99Fso49Rp5cFfK1dVr2S2nuU","payout":null,"source":{"id":"src_BAcbtghHUvU5Q2fXaGQR11GB","type":"gcash","provider":{"id":null},"provider_id":null},"statement_descriptor":"ProjectJmab","status":"failed","tax_amount":null,"metadata":null,"promotion":null,"refunds":[],"taxes":[],"created_at":1741359169,"credited_at":null,"paid_at":1741359169,"updated_at":1741359169}},"previous_data":{},"created_at":1741359169,"updated_at":1741359169}}}
Event Type: payment.failed
Reference Number: 
Payment ID: pay_jCuvub9i64a7Pmck8aDHsSJA
Event Data: {"data":{"id":"evt_mDDYBm6QK3jXsxpUNqPvu9vT","type":"event","attributes":{"type":"payment.failed","livemode":false,"data":{"id":"pay_C4fjoKYoYkMCC3HZv8CgG7a6","type":"payment","attributes":{"access_url":null,"amount":6700900,"balance_transaction_id":null,"billing":{"address":{"city":"","country":"","line1":"","line2":"","postal_code":"","state":""},"email":"profakerblah@gmail.com","name":"Karltzy Abad","phone":"09948391401"},"currency":"PHP","description":null,"disputed":false,"external_reference_number":null,"failed_code":"CLOSED","failed_message":"Unknown processing error.","fee":0,"instant_settlement":null,"livemode":false,"net_amount":0,"origin":"api","payment_intent_id":"pi_efX4S8x4gFhsdjzRviAJLpqF","payout":null,"source":{"id":"src_7e4eG4CBNq8kAgYemTF4whrP","type":"gcash","provider":{"id":null},"provider_id":null},"statement_descriptor":"ProjectJmab","status":"failed","tax_amount":null,"metadata":null,"promotion":null,"refunds":[],"taxes":[],"created_at":1741358291,"credited_at":null,"paid_at":1741358291,"updated_at":1741358291}},"previous_data":{},"created_at":1741358291,"updated_at":1741358291}}}
Event Type: payment.failed
Reference Number: 
Payment ID: pay_C4fjoKYoYkMCC3HZv8CgG7a6
Event Data: {"data":{"id":"evt_FkQ8ka5CCGF2ccyjBdNsEiUC","type":"event","attributes":{"type":"payment.failed","livemode":false,"data":{"id":"pay_YbYZ2ANYmPzo386zkhaBhLvo","type":"payment","attributes":{"access_url":null,"amount":6700900,"balance_transaction_id":null,"billing":{"address":{"city":"","country":"","line1":"","line2":"","postal_code":"","state":""},"email":"profakerblah@gmail.com","name":"Karltzy Abad","phone":"09948391401"},"currency":"PHP","description":null,"disputed":false,"external_reference_number":null,"failed_code":"CLOSED","failed_message":"Unknown processing error.","fee":0,"instant_settlement":null,"livemode":false,"net_amount":0,"origin":"api","payment_intent_id":"pi_7FrRRnZ79MDKZnwnpWSzsDGK","payout":null,"source":{"id":"src_wwgFvRCe2kbfgUBRQah896wA","type":"gcash","provider":{"id":null},"provider_id":null},"statement_descriptor":"ProjectJmab","status":"failed","tax_amount":null,"metadata":null,"promotion":null,"refunds":[],"taxes":[],"created_at":1741358836,"credited_at":null,"paid_at":1741358836,"updated_at":1741358836}},"previous_data":{},"created_at":1741358836,"updated_at":1741358836}}}
Event Type: payment.failed
Reference Number: 
Payment ID: pay_YbYZ2ANYmPzo386zkhaBhLvo
